  LoginForm.cpp
C:\Users\Артем\source\repos\Authorization\Authorization\User.h(3,23): error C2011: User: переопределение типа "class"
C:\Users\Артем\source\repos\Authorization\Authorization\User.h(3): message : см. объявление "User"
C:\Users\Артем\source\repos\Authorization\Authorization\LoginForm.h(198,48): error C2065: name: необъявленный идентификатор
C:\Users\Артем\source\repos\Authorization\Authorization\LoginForm.h(202,1): error C2027: использование неопределенного типа "User"
C:\Users\Артем\source\repos\Authorization\Authorization\User.h(3): message : см. объявление "User"
C:\Users\Артем\source\repos\Authorization\Authorization\LoginForm.h(203,1): error C2027: использование неопределенного типа "User"
C:\Users\Артем\source\repos\Authorization\Authorization\User.h(3): message : см. объявление "User"
C:\Users\Артем\source\repos\Authorization\Authorization\LoginForm.h(204,1): error C2027: использование неопределенного типа "User"
C:\Users\Артем\source\repos\Authorization\Authorization\User.h(3): message : см. объявление "User"
C:\Users\Артем\source\repos\Authorization\Authorization\LoginForm.h(205,1): error C2027: использование неопределенного типа "User"
C:\Users\Артем\source\repos\Authorization\Authorization\User.h(3): message : см. объявление "User"
C:\Users\Артем\source\repos\Authorization\Authorization\LoginForm.h(206,1): error C2027: использование неопределенного типа "User"
C:\Users\Артем\source\repos\Authorization\Authorization\User.h(3): message : см. объявление "User"
C:\Users\Артем\source\repos\Authorization\Authorization\LoginForm.h(207,1): error C2027: использование неопределенного типа "User"
C:\Users\Артем\source\repos\Authorization\Authorization\User.h(3): message : см. объявление "User"
C:\Users\Артем\source\repos\Authorization\Authorization\LoginForm.h(208,1): error C2027: использование неопределенного типа "User"
C:\Users\Артем\source\repos\Authorization\Authorization\User.h(3): message : см. объявление "User"
  MainForm.cpp
C:\Users\Артем\source\repos\Authorization\Authorization\MainForm.h(27,35): error C2248: User::id: невозможно обратиться к private член, объявленному в классе "User"
C:\Users\Артем\source\repos\Authorization\Authorization\User.h(23): message : см. объявление "User::id"
C:\Users\Артем\source\repos\Authorization\Authorization\User.h(3): message : см. объявление "User"
C:\Users\Артем\source\repos\Authorization\Authorization\MainForm.h(27,58): error C2248: User::name: невозможно обратиться к private член, объявленному в классе "User"
C:\Users\Артем\source\repos\Authorization\Authorization\User.h(24): message : см. объявление "User::name"
C:\Users\Артем\source\repos\Authorization\Authorization\User.h(3): message : см. объявление "User"
  Program.cpp
C:\Users\Артем\source\repos\Authorization\Authorization\User.h(3,23): error C2011: User: переопределение типа "class"
C:\Users\Артем\source\repos\Authorization\Authorization\User.h(3): message : см. объявление "User"
C:\Users\Артем\source\repos\Authorization\Authorization\LoginForm.h(198,48): error C2065: name: необъявленный идентификатор
C:\Users\Артем\source\repos\Authorization\Authorization\LoginForm.h(202,1): error C2027: использование неопределенного типа "User"
C:\Users\Артем\source\repos\Authorization\Authorization\User.h(3): message : см. объявление "User"
C:\Users\Артем\source\repos\Authorization\Authorization\LoginForm.h(203,1): error C2027: использование неопределенного типа "User"
C:\Users\Артем\source\repos\Authorization\Authorization\User.h(3): message : см. объявление "User"
C:\Users\Артем\source\repos\Authorization\Authorization\LoginForm.h(204,1): error C2027: использование неопределенного типа "User"
C:\Users\Артем\source\repos\Authorization\Authorization\User.h(3): message : см. объявление "User"
C:\Users\Артем\source\repos\Authorization\Authorization\LoginForm.h(205,1): error C2027: использование неопределенного типа "User"
C:\Users\Артем\source\repos\Authorization\Authorization\User.h(3): message : см. объявление "User"
C:\Users\Артем\source\repos\Authorization\Authorization\LoginForm.h(206,1): error C2027: использование неопределенного типа "User"
C:\Users\Артем\source\repos\Authorization\Authorization\User.h(3): message : см. объявление "User"
C:\Users\Артем\source\repos\Authorization\Authorization\LoginForm.h(207,1): error C2027: использование неопределенного типа "User"
C:\Users\Артем\source\repos\Authorization\Authorization\User.h(3): message : см. объявление "User"
C:\Users\Артем\source\repos\Authorization\Authorization\LoginForm.h(208,1): error C2027: использование неопределенного типа "User"
C:\Users\Артем\source\repos\Authorization\Authorization\User.h(3): message : см. объявление "User"
C:\Users\Артем\source\repos\Authorization\Authorization\MainForm.h(27,1): error C2027: использование неопределенного типа "User"
C:\Users\Артем\source\repos\Authorization\Authorization\User.h(3): message : см. объявление "User"
C:\Users\Артем\source\repos\Authorization\Authorization\MainForm.h(28,1): error C2027: использование неопределенного типа "User"
C:\Users\Артем\source\repos\Authorization\Authorization\User.h(3): message : см. объявление "User"
C:\Users\Артем\source\repos\Authorization\Authorization\RegisterForm.h(334,25): warning C4129: M: неизвестная escape-последовательность
C:\Users\Артем\source\repos\Authorization\Authorization\RegisterForm.h(350,1): error C2027: использование неопределенного типа "User"
C:\Users\Артем\source\repos\Authorization\Authorization\User.h(3): message : см. объявление "User"
C:\Users\Артем\source\repos\Authorization\Authorization\RegisterForm.h(351,1): error C2027: использование неопределенного типа "User"
C:\Users\Артем\source\repos\Authorization\Authorization\User.h(3): message : см. объявление "User"
C:\Users\Артем\source\repos\Authorization\Authorization\RegisterForm.h(352,1): error C2027: использование неопределенного типа "User"
C:\Users\Артем\source\repos\Authorization\Authorization\User.h(3): message : см. объявление "User"
C:\Users\Артем\source\repos\Authorization\Authorization\RegisterForm.h(353,1): error C2027: использование неопределенного типа "User"
C:\Users\Артем\source\repos\Authorization\Authorization\User.h(3): message : см. объявление "User"
C:\Users\Артем\source\repos\Authorization\Authorization\RegisterForm.h(354,1): error C2027: использование неопределенного типа "User"
C:\Users\Артем\source\repos\Authorization\Authorization\User.h(3): message : см. объявление "User"
C:\Users\Артем\source\repos\Authorization\Authorization\RegisterForm.h(355,1): error C2027: использование неопределенного типа "User"
C:\Users\Артем\source\repos\Authorization\Authorization\User.h(3): message : см. объявление "User"
C:\Users\Артем\source\repos\Authorization\Authorization\Program.cpp(9,32): error C2011: Authorization::LoginForm: переопределение типа "class"
C:\Users\Артем\source\repos\Authorization\Authorization\LoginForm.h(22): message : см. объявление "Authorization::LoginForm"
  RegisterForm.cpp
C:\Users\Артем\source\repos\Authorization\Authorization\RegisterForm.h(334,25): warning C4129: M: неизвестная escape-последовательность
C:\Users\Артем\source\repos\Authorization\Authorization\RegisterForm.h(350,11): error C2512: User::User: нет подходящего конструктора по умолчанию
C:\Users\Артем\source\repos\Authorization\Authorization\RegisterForm.h(351,8): error C2248: User::name: невозможно обратиться к private член, объявленному в классе "User"
C:\Users\Артем\source\repos\Authorization\Authorization\User.h(24): message : см. объявление "User::name"
C:\Users\Артем\source\repos\Authorization\Authorization\User.h(3): message : см. объявление "User"
  Создание кода...
